<?xml version="1.0" encoding="UTF-8"?>
<!-- Generated by org.testng.reporters.JUnitXMLReporter -->
<testsuite hostname="nanmathi-HP" ignored="0" name="Locator-Test" tests="9" failures="0" timestamp="30 Apr 2017 06:56:18 GMT" time="23.035" errors="0">
  <testcase name="testPartialLinkText" time="1.016" classname="com.nanda.testlab.selenium.problems.TestLocatorFeature"/>
  <testcase name="sleep" time="1.061" classname="com.nanda.testlab.selenium.problems.TestLocatorFeature"/>
  <testcase name="testName" time="1.316" classname="com.nanda.testlab.selenium.problems.TestLocatorFeature"/>
  <testcase name="testCSS" time="1.36" classname="com.nanda.testlab.selenium.problems.TestLocatorFeature"/>
  <testcase name="testLinkText" time="1.615" classname="com.nanda.testlab.selenium.problems.TestLocatorFeature"/>
  <testcase name="testId" time="1.64" classname="com.nanda.testlab.selenium.problems.TestLocatorFeature"/>
  <testcase name="testClassName" time="1.716" classname="com.nanda.testlab.selenium.problems.TestLocatorFeature"/>
  <testcase name="testTagName" time="0.76" classname="com.nanda.testlab.selenium.problems.TestLocatorFeature"/>
  <testcase name="testXPATH" time="0.742" classname="com.nanda.testlab.selenium.problems.TestLocatorFeature"/>
</testsuite> <!-- Locator-Test -->
