<?xml version="1.0" encoding="UTF-8"?>
<!-- Generated by org.testng.reporters.JUnitXMLReporter -->
<testsuite hostname="nanmathi-HP" ignored="2" name="Indeed-Home-Page-Test" tests="1" failures="0" timestamp="30 Apr 2017 05:29:06 GMT" time="0.773" errors="0">
  <testcase name="testMe" time="0.663" classname="com.nanda.testlab.selenium.test.IndeedHomePageTest"/>
  <testcase name="testFindJobButton" time="0.0" classname="com.nanda.testlab.selenium.test.IndeedHomePageTest">
    <ignored/>
  </testcase> <!-- testFindJobButton -->
  <testcase name="testFindJobSearch" time="0.0" classname="com.nanda.testlab.selenium.test.IndeedHomePageTest">
    <ignored/>
  </testcase> <!-- testFindJobSearch -->
</testsuite> <!-- Indeed-Home-Page-Test -->
